<?xml version="1.0" encoding="UTF-8"?>
<!-- Generated by org.testng.reporters.JUnitXMLReporter -->
<testsuite ignored="0" hostname="Boss" failures="0" tests="3" name="Test" time="0.132" errors="0" timestamp="2022-05-08T21:05:03 IST">
  <testcase classname="com.properties.base.BaseClass" name="@BeforeMethod setup" time="0.002">
    <failure type="java.lang.NullPointerException" message="Cannot invoke &amp;quot;String.equalsIgnoreCase(String)&amp;quot; because the return value of &amp;quot;java.lang.System.getProperty(String)&amp;quot; is null">
      <![CDATA[java.lang.NullPointerException: Cannot invoke "String.equalsIgnoreCase(String)" because the return value of "java.lang.System.getProperty(String)" is null
at com.properties.base.BaseClass.setup(BaseClass.java:38)
at java.base/java.util.ArrayList.forEach(ArrayList.java:1511)
... Removed 31 stack frames]]>
    </failure>
  </testcase> <!-- @BeforeMethod setup -->
  <testcase classname="com.properties.base.BaseClass" name="@BeforeMethod setup" time="-1.652024103342E9">
    <skipped/>
  </testcase> <!-- @BeforeMethod setup -->
  <testcase classname="com.properties.base.BaseClass" name="@BeforeMethod setup" time="-1.652024103359E9">
    <skipped/>
  </testcase> <!-- @BeforeMethod setup -->
  <testcase classname="com.properties.testclass.TestClassProp" name="loginTest" time="0.0">
    <skipped/>
  </testcase> <!-- loginTest -->
  <testcase classname="com.properties.testclass.TestClassProp" name="logotest" time="0.0">
    <skipped/>
  </testcase> <!-- logotest -->
  <testcase classname="com.properties.testclass.TestClassProp" name="samplefailTC" time="0.0">
    <skipped/>
  </testcase> <!-- samplefailTC -->
</testsuite> <!-- Test -->
